[2022-05-08 00:16:55] local.ERROR: View [maindashboard] not found. {"exception":"[object] (InvalidArgumentException(code: 0): View [maindashboard] not found. at D:\\Perkuliahan\\Mata Kuliah\\Semester 4\\l. PPLAM (PR)\\Project\\KerupukTenggiri-laravel\\vendor\\laravel\\framework\\src\\Illuminate\\View\\FileViewFinder.php:137)
[stacktrace]
#0 D:\\Perkuliahan\\Mata Kuliah\\Semester 4\\l. PPLAM (PR)\\Project\\KerupukTenggiri-laravel\\vendor\\laravel\\framework\\src\\Illuminate\\View\\FileViewFinder.php(79): Illuminate\\View\\FileViewFinder->findInPaths('maindashboard', Array)
#1 D:\\Perkuliahan\\Mata Kuliah\\Semester 4\\l. PPLAM (PR)\\Project\\KerupukTenggiri-laravel\\vendor\\laravel\\framework\\src\\Illuminate\\View\\Factory.php(137): Illuminate\\View\\FileViewFinder->find('maindashboard')
#2 D:\\Perkuliahan\\Mata Kuliah\\Semester 4\\l. PPLAM (PR)\\Project\\KerupukTenggiri-laravel\\vendor\\laravel\\framework\\src\\Illuminate\\Foundation\\helpers.php(948): Illuminate\\View\\Factory->make('maindashboard', Array, Array)
#3 D:\\Perkuliahan\\Mata Kuliah\\Semester 4\\l. PPLAM (PR)\\Project\\KerupukTenggiri-laravel\outes\\web.php(33): view('maindashboard')
#4 D:\\Perkuliahan\\Mata Kuliah\\Semester 4\\l. PPLAM (PR)\\Project\\KerupukTenggiri-laravel\\vendor\\laravel\\framework\\src\\Illuminate\\Routing\\Route.php(237): Illuminate\\Routing\\RouteFileRegistrar->{closure}()
#5 D:\\Perkuliahan\\Mata Kuliah\\Semester 4\\l. PPLAM (PR)\\Project\\KerupukTenggiri-laravel\\vendor\\laravel\\framework\\src\\Illuminate\\Routing\\Route.php(207): Illuminate\\Routing\\Route->runCallable()
#6 D:\\Perkuliahan\\Mata Kuliah\\Semester 4\\l. PPLAM (PR)\\Project\\KerupukTenggiri-laravel\\vendor\\laravel\\framework\\src\\Illuminate\\Routing\\Router.php(725): Illuminate\\Routing\\Route->run()
#7 D:\\Perkuliahan\\Mata Kuliah\\Semester 4\\l. PPLAM (PR)\\Project\\KerupukTenggiri-laravel\\vendor\\laravel\\framework\\src\\Illuminate\\Pipeline\\Pipeline.php(141): Illuminate\\Routing\\Router->Illuminate\\Routing\\{closure}(Object(Illuminate\\Http\\Request))
#8 D:\\Perkuliahan\\Mata Kuliah\\Semester 4\\l. PPLAM (PR)\\Project\\KerupukTenggiri-laravel\\vendor\\laravel\\framework\\src\\Illuminate\\Routing\\Middleware\\SubstituteBindings.php(50): Illuminate\\Pipeline\\Pipeline->Illuminate\\Pipeline\\{closure}(Object(Illuminate\\Http\\Request))
#9 D:\\Perkuliahan\\Mata Kuliah\\Semester 4\\l. PPLAM (PR)\\Project\\KerupukTenggiri-laravel\\vendor\\laravel\\framework\\src\\Illuminate\\Pipeline\\Pipeline.php(180): Illuminate\\Routing\\Middleware\\SubstituteBindings->handle(Object(Illuminate\\Http\\Request), Object(Closure))
#10 D:\\Perkuliahan\\Mata Kuliah\\Semester 4\\l. PPLAM (PR)\\Project\\KerupukTenggiri-laravel\\vendor\\laravel\\framework\\src\\Illuminate\\Foundation\\Http\\Middleware\\VerifyCsrfToken.php(78): Illuminate\\Pipeline\\Pipeline->Illuminate\\Pipeline\\{closure}(Object(Illuminate\\Http\\Request))
#11 D:\\Perkuliahan\\Mata Kuliah\\Semester 4\\l. PPLAM (PR)\\Project\\KerupukTenggiri-laravel\\vendor\\laravel\\framework\\src\\Illuminate\\Pipeline\\Pipeline.php(180): Illuminate\\Foundation\\Http\\Middleware\\VerifyCsrfToken->handle(Object(Illuminate\\Http\\Request), Object(Closure))
#12 D:\\Perkuliahan\\Mata Kuliah\\Semester 4\\l. PPLAM (PR)\\Project\\KerupukTenggiri-laravel\\vendor\\laravel\\framework\\src\\Illuminate\\View\\Middleware\\ShareErrorsFromSession.php(49): Illuminate\\Pipeline\\Pipeline->Illuminate\\Pipeline\\{closure}(Object(Illuminate\\Http\\Request))
#13 D:\\Perkuliahan\\Mata Kuliah\\Semester 4\\l. PPLAM (PR)\\Project\\KerupukTenggiri-laravel\\vendor\\laravel\\framework\\src\\Illuminate\\Pipeline\\Pipeline.php(180): Illuminate\\View\\Middleware\\ShareErrorsFromSession->handle(Object(Illuminate\\Http\\Request), Object(Closure))
#14 D:\\Perkuliahan\\Mata Kuliah\\Semester 4\\l. PPLAM (PR)\\Project\\KerupukTenggiri-laravel\\vendor\\laravel\\framework\\src\\Illuminate\\Session\\Middleware\\StartSession.php(121): Illuminate\\Pipeline\\Pipeline->Illuminate\\Pipeline\\{closure}(Object(Illuminate\\Http\\Request))
#15 D:\\Perkuliahan\\Mata Kuliah\\Semester 4\\l. PPLAM (PR)\\Project\\KerupukTenggiri-laravel\\vendor\\laravel\\framework\\src\\Illuminate\\Session\\Middleware\\StartSession.php(64): Illuminate\\Session\\Middleware\\StartSession->handleStatefulRequest(Object(Illuminate\\Http\\Request), Object(Illuminate\\Session\\Store), Object(Closure))
#16 D:\\Perkuliahan\\Mata Kuliah\\Semester 4\\l. PPLAM (PR)\\Project\\KerupukTenggiri-laravel\\vendor\\laravel\\framework\\src\\Illuminate\\Pipeline\\Pipeline.php(180): Illuminate\\Session\\Middleware\\StartSession->handle(Object(Illuminate\\Http\\Request), Object(Closure))
#17 D:\\Perkuliahan\\Mata Kuliah\\Semester 4\\l. PPLAM (PR)\\Project\\KerupukTenggiri-laravel\\vendor\\laravel\\framework\\src\\Illuminate\\Cookie\\Middleware\\AddQueuedCookiesToResponse.php(37): Illuminate\\Pipeline\\Pipeline->Illuminate\\Pipeline\\{closure}(Object(Illuminate\\Http\\Request))
#18 D:\\Perkuliahan\\Mata Kuliah\\Semester 4\\l. PPLAM (PR)\\Project\\KerupukTenggiri-laravel\\vendor\\laravel\\framework\\src\\Illuminate\\Pipeline\\Pipeline.php(180): Illuminate\\Cookie\\Middleware\\AddQueuedCookiesToResponse->handle(Object(Illuminate\\Http\\Request), Object(Closure))
#19 D:\\Perkuliahan\\Mata Kuliah\\Semester 4\\l. PPLAM (PR)\\Project\\KerupukTenggiri-laravel\\vendor\\laravel\\framework\\src\\Illuminate\\Cookie\\Middleware\\EncryptCookies.php(67): Illuminate\\Pipeline\\Pipeline->Illuminate\\Pipeline\\{closure}(Object(Illuminate\\Http\\Request))
#20 D:\\Perkuliahan\\Mata Kuliah\\Semester 4\\l. PPLAM (PR)\\Project\\KerupukTenggiri-laravel\\vendor\\laravel\\framework\\src\\Illuminate\\Pipeline\\Pipeline.php(180): Illuminate\\Cookie\\Middleware\\EncryptCookies->handle(Object(Illuminate\\Http\\Request), Object(Closure))
#21 D:\\Perkuliahan\\Mata Kuliah\\Semester 4\\l. PPLAM (PR)\\Project\\KerupukTenggiri-laravel\\vendor\\laravel\\framework\\src\\Illuminate\\Pipeline\\Pipeline.php(116): Illuminate\\Pipeline\\Pipeline->Illuminate\\Pipeline\\{closure}(Object(Illuminate\\Http\\Request))
#22 D:\\Perkuliahan\\Mata Kuliah\\Semester 4\\l. PPLAM (PR)\\Project\\KerupukTenggiri-laravel\\vendor\\laravel\\framework\\src\\Illuminate\\Routing\\Router.php(726): Illuminate\\Pipeline\\Pipeline->then(Object(Closure))
#23 D:\\Perkuliahan\\Mata Kuliah\\Semester 4\\l. PPLAM (PR)\\Project\\KerupukTenggiri-laravel\\vendor\\laravel\\framework\\src\\Illuminate\\Routing\\Router.php(703): Illuminate\\Routing\\Router->runRouteWithinStack(Object(Illuminate\\Routing\\Route), Object(Illuminate\\Http\\Request))
#24 D:\\Perkuliahan\\Mata Kuliah\\Semester 4\\l. PPLAM (PR)\\Project\\KerupukTenggiri-laravel\\vendor\\laravel\\framework\\src\\Illuminate\\Routing\\Router.php(667): Illuminate\\Routing\\Router->runRoute(Object(Illuminate\\Http\\Request), Object(Illuminate\\Routing\\Route))
#25 D:\\Perkuliahan\\Mata Kuliah\\Semester 4\\l. PPLAM (PR)\\Project\\KerupukTenggiri-laravel\\vendor\\laravel\\framework\\src\\Illuminate\\Routing\\Router.php(656): Illuminate\\Routing\\Router->dispatchToRoute(Object(Illuminate\\Http\\Request))
#26 D:\\Perkuliahan\\Mata Kuliah\\Semester 4\\l. PPLAM (PR)\\Project\\KerupukTenggiri-laravel\\vendor\\laravel\\framework\\src\\Illuminate\\Foundation\\Http\\Kernel.php(167): Illuminate\\Routing\\Router->dispatch(Object(Illuminate\\Http\\Request))
#27 D:\\Perkuliahan\\Mata Kuliah\\Semester 4\\l. PPLAM (PR)\\Project\\KerupukTenggiri-laravel\\vendor\\laravel\\framework\\src\\Illuminate\\Pipeline\\Pipeline.php(141): Illuminate\\Foundation\\Http\\Kernel->Illuminate\\Foundation\\Http\\{closure}(Object(Illuminate\\Http\\Request))
#28 D:\\Perkuliahan\\Mata Kuliah\\Semester 4\\l. PPLAM (PR)\\Project\\KerupukTenggiri-laravel\\vendor\\laravel\\framework\\src\\Illuminate\\Foundation\\Http\\Middleware\\TransformsRequest.php(21): Illuminate\\Pipeline\\Pipeline->Illuminate\\Pipeline\\{closure}(Object(Illuminate\\Http\\Request))
#29 D:\\Perkuliahan\\Mata Kuliah\\Semester 4\\l. PPLAM (PR)\\Project\\KerupukTenggiri-laravel\\vendor\\laravel\\framework\\src\\Illuminate\\Foundation\\Http\\Middleware\\ConvertEmptyStringsToNull.php(31): Illuminate\\Foundation\\Http\\Middleware\\TransformsRequest->handle(Object(Illuminate\\Http\\Request), Object(Closure))
#30 D:\\Perkuliahan\\Mata Kuliah\\Semester 4\\l. PPLAM (PR)\\Project\\KerupukTenggiri-laravel\\vendor\\laravel\\framework\\src\\Illuminate\\Pipeline\\Pipeline.php(180): Illuminate\\Foundation\\Http\\Middleware\\ConvertEmptyStringsToNull->handle(Object(Illuminate\\Http\\Request), Object(Closure))
#31 D:\\Perkuliahan\\Mata Kuliah\\Semester 4\\l. PPLAM (PR)\\Project\\KerupukTenggiri-laravel\\vendor\\laravel\\framework\\src\\Illuminate\\Foundation\\Http\\Middleware\\TransformsRequest.php(21): Illuminate\\Pipeline\\Pipeline->Illuminate\\Pipeline\\{closure}(Object(Illuminate\\Http\\Request))
#32 D:\\Perkuliahan\\Mata Kuliah\\Semester 4\\l. PPLAM (PR)\\Project\\KerupukTenggiri-laravel\\vendor\\laravel\\framework\\src\\Illuminate\\Foundation\\Http\\Middleware\\TrimStrings.php(40): Illuminate\\Foundation\\Http\\Middleware\\TransformsRequest->handle(Object(Illuminate\\Http\\Request), Object(Closure))
#33 D:\\Perkuliahan\\Mata Kuliah\\Semester 4\\l. PPLAM (PR)\\Project\\KerupukTenggiri-laravel\\vendor\\laravel\\framework\\src\\Illuminate\\Pipeline\\Pipeline.php(180): Illuminate\\Foundation\\Http\\Middleware\\TrimStrings->handle(Object(Illuminate\\Http\\Request), Object(Closure))
#34 D:\\Perkuliahan\\Mata Kuliah\\Semester 4\\l. PPLAM (PR)\\Project\\KerupukTenggiri-laravel\\vendor\\laravel\\framework\\src\\Illuminate\\Foundation\\Http\\Middleware\\ValidatePostSize.php(27): Illuminate\\Pipeline\\Pipeline->Illuminate\\Pipeline\\{closure}(Object(Illuminate\\Http\\Request))
#35 D:\\Perkuliahan\\Mata Kuliah\\Semester 4\\l. PPLAM (PR)\\Project\\KerupukTenggiri-laravel\\vendor\\laravel\\framework\\src\\Illuminate\\Pipeline\\Pipeline.php(180): Illuminate\\Foundation\\Http\\Middleware\\ValidatePostSize->handle(Object(Illuminate\\Http\\Request), Object(Closure))
#36 D:\\Perkuliahan\\Mata Kuliah\\Semester 4\\l. PPLAM (PR)\\Project\\KerupukTenggiri-laravel\\vendor\\laravel\\framework\\src\\Illuminate\\Foundation\\Http\\Middleware\\PreventRequestsDuringMaintenance.php(86): Illuminate\\Pipeline\\Pipeline->Illuminate\\Pipeline\\{closure}(Object(Illuminate\\Http\\Request))
#37 D:\\Perkuliahan\\Mata Kuliah\\Semester 4\\l. PPLAM (PR)\\Project\\KerupukTenggiri-laravel\\vendor\\laravel\\framework\\src\\Illuminate\\Pipeline\\Pipeline.php(180): Illuminate\\Foundation\\Http\\Middleware\\PreventRequestsDuringMaintenance->handle(Object(Illuminate\\Http\\Request), Object(Closure))
#38 D:\\Perkuliahan\\Mata Kuliah\\Semester 4\\l. PPLAM (PR)\\Project\\KerupukTenggiri-laravel\\vendor\\laravel\\framework\\src\\Illuminate\\Http\\Middleware\\HandleCors.php(49): Illuminate\\Pipeline\\Pipeline->Illuminate\\Pipeline\\{closure}(Object(Illuminate\\Http\\Request))
#39 D:\\Perkuliahan\\Mata Kuliah\\Semester 4\\l. PPLAM (PR)\\Project\\KerupukTenggiri-laravel\\vendor\\laravel\\framework\\src\\Illuminate\\Pipeline\\Pipeline.php(180): Illuminate\\Http\\Middleware\\HandleCors->handle(Object(Illuminate\\Http\\Request), Object(Closure))
#40 D:\\Perkuliahan\\Mata Kuliah\\Semester 4\\l. PPLAM (PR)\\Project\\KerupukTenggiri-laravel\\vendor\\laravel\\framework\\src\\Illuminate\\Http\\Middleware\\TrustProxies.php(39): Illuminate\\Pipeline\\Pipeline->Illuminate\\Pipeline\\{closure}(Object(Illuminate\\Http\\Request))
#41 D:\\Perkuliahan\\Mata Kuliah\\Semester 4\\l. PPLAM (PR)\\Project\\KerupukTenggiri-laravel\\vendor\\laravel\\framework\\src\\Illuminate\\Pipeline\\Pipeline.php(180): Illuminate\\Http\\Middleware\\TrustProxies->handle(Object(Illuminate\\Http\\Request), Object(Closure))
#42 D:\\Perkuliahan\\Mata Kuliah\\Semester 4\\l. PPLAM (PR)\\Project\\KerupukTenggiri-laravel\\vendor\\laravel\\framework\\src\\Illuminate\\Pipeline\\Pipeline.php(116): Illuminate\\Pipeline\\Pipeline->Illuminate\\Pipeline\\{closure}(Object(Illuminate\\Http\\Request))
#43 D:\\Perkuliahan\\Mata Kuliah\\Semester 4\\l. PPLAM (PR)\\Project\\KerupukTenggiri-laravel\\vendor\\laravel\\framework\\src\\Illuminate\\Foundation\\Http\\Kernel.php(142): Illuminate\\Pipeline\\Pipeline->then(Object(Closure))
#44 D:\\Perkuliahan\\Mata Kuliah\\Semester 4\\l. PPLAM (PR)\\Project\\KerupukTenggiri-laravel\\vendor\\laravel\\framework\\src\\Illuminate\\Foundation\\Http\\Kernel.php(111): Illuminate\\Foundation\\Http\\Kernel->sendRequestThroughRouter(Object(Illuminate\\Http\\Request))
#45 D:\\Perkuliahan\\Mata Kuliah\\Semester 4\\l. PPLAM (PR)\\Project\\KerupukTenggiri-laravel\\public\\index.php(52): Illuminate\\Foundation\\Http\\Kernel->handle(Object(Illuminate\\Http\\Request))
#46 C:\\Users\\Candra\\AppData\\Roaming\\Composer\\vendor\\cretueusebiu\\valet-windows\\server.php(241): require('D:\\\\Perkuliahan\\\\...')
#47 {main}
"} 
[2022-05-08 03:38:03] local.ERROR: View [homes] not found. {"exception":"[object] (InvalidArgumentException(code: 0): View [homes] not found. at D:\\Perkuliahan\\Mata Kuliah\\Semester 4\\l. PPLAM (PR)\\Project\\KerupukTenggiri-laravel\\vendor\\laravel\\framework\\src\\Illuminate\\View\\FileViewFinder.php:137)
[stacktrace]
#0 D:\\Perkuliahan\\Mata Kuliah\\Semester 4\\l. PPLAM (PR)\\Project\\KerupukTenggiri-laravel\\vendor\\laravel\\framework\\src\\Illuminate\\View\\FileViewFinder.php(79): Illuminate\\View\\FileViewFinder->findInPaths('homes', Array)
#1 D:\\Perkuliahan\\Mata Kuliah\\Semester 4\\l. PPLAM (PR)\\Project\\KerupukTenggiri-laravel\\vendor\\laravel\\framework\\src\\Illuminate\\View\\Factory.php(137): Illuminate\\View\\FileViewFinder->find('homes')
#2 D:\\Perkuliahan\\Mata Kuliah\\Semester 4\\l. PPLAM (PR)\\Project\\KerupukTenggiri-laravel\\vendor\\laravel\\framework\\src\\Illuminate\\Foundation\\helpers.php(948): Illuminate\\View\\Factory->make('homes', Array, Array)
#3 D:\\Perkuliahan\\Mata Kuliah\\Semester 4\\l. PPLAM (PR)\\Project\\KerupukTenggiri-laravel\outes\\web.php(22): view('homes', Array)
#4 D:\\Perkuliahan\\Mata Kuliah\\Semester 4\\l. PPLAM (PR)\\Project\\KerupukTenggiri-laravel\\vendor\\laravel\\framework\\src\\Illuminate\\Routing\\Route.php(237): Illuminate\\Routing\\RouteFileRegistrar->{closure}()
#5 D:\\Perkuliahan\\Mata Kuliah\\Semester 4\\l. PPLAM (PR)\\Project\\KerupukTenggiri-laravel\\vendor\\laravel\\framework\\src\\Illuminate\\Routing\\Route.php(207): Illuminate\\Routing\\Route->runCallable()
#6 D:\\Perkuliahan\\Mata Kuliah\\Semester 4\\l. PPLAM (PR)\\Project\\KerupukTenggiri-laravel\\vendor\\laravel\\framework\\src\\Illuminate\\Routing\\Router.php(725): Illuminate\\Routing\\Route->run()
#7 D:\\Perkuliahan\\Mata Kuliah\\Semester 4\\l. PPLAM (PR)\\Project\\KerupukTenggiri-laravel\\vendor\\laravel\\framework\\src\\Illuminate\\Pipeline\\Pipeline.php(141): Illuminate\\Routing\\Router->Illuminate\\Routing\\{closure}(Object(Illuminate\\Http\\Request))
#8 D:\\Perkuliahan\\Mata Kuliah\\Semester 4\\l. PPLAM (PR)\\Project\\KerupukTenggiri-laravel\\vendor\\laravel\\framework\\src\\Illuminate\\Routing\\Middleware\\SubstituteBindings.php(50): Illuminate\\Pipeline\\Pipeline->Illuminate\\Pipeline\\{closure}(Object(Illuminate\\Http\\Request))
#9 D:\\Perkuliahan\\Mata Kuliah\\Semester 4\\l. PPLAM (PR)\\Project\\KerupukTenggiri-laravel\\vendor\\laravel\\framework\\src\\Illuminate\\Pipeline\\Pipeline.php(180): Illuminate\\Routing\\Middleware\\SubstituteBindings->handle(Object(Illuminate\\Http\\Request), Object(Closure))
#10 D:\\Perkuliahan\\Mata Kuliah\\Semester 4\\l. PPLAM (PR)\\Project\\KerupukTenggiri-laravel\\vendor\\laravel\\framework\\src\\Illuminate\\Foundation\\Http\\Middleware\\VerifyCsrfToken.php(78): Illuminate\\Pipeline\\Pipeline->Illuminate\\Pipeline\\{closure}(Object(Illuminate\\Http\\Request))
#11 D:\\Perkuliahan\\Mata Kuliah\\Semester 4\\l. PPLAM (PR)\\Project\\KerupukTenggiri-laravel\\vendor\\laravel\\framework\\src\\Illuminate\\Pipeline\\Pipeline.php(180): Illuminate\\Foundation\\Http\\Middleware\\VerifyCsrfToken->handle(Object(Illuminate\\Http\\Request), Object(Closure))
#12 D:\\Perkuliahan\\Mata Kuliah\\Semester 4\\l. PPLAM (PR)\\Project\\KerupukTenggiri-laravel\\vendor\\laravel\\framework\\src\\Illuminate\\View\\Middleware\\ShareErrorsFromSession.php(49): Illuminate\\Pipeline\\Pipeline->Illuminate\\Pipeline\\{closure}(Object(Illuminate\\Http\\Request))
#13 D:\\Perkuliahan\\Mata Kuliah\\Semester 4\\l. PPLAM (PR)\\Project\\KerupukTenggiri-laravel\\vendor\\laravel\\framework\\src\\Illuminate\\Pipeline\\Pipeline.php(180): Illuminate\\View\\Middleware\\ShareErrorsFromSession->handle(Object(Illuminate\\Http\\Request), Object(Closure))
#14 D:\\Perkuliahan\\Mata Kuliah\\Semester 4\\l. PPLAM (PR)\\Project\\KerupukTenggiri-laravel\\vendor\\laravel\\framework\\src\\Illuminate\\Session\\Middleware\\StartSession.php(121): Illuminate\\Pipeline\\Pipeline->Illuminate\\Pipeline\\{closure}(Object(Illuminate\\Http\\Request))
#15 D:\\Perkuliahan\\Mata Kuliah\\Semester 4\\l. PPLAM (PR)\\Project\\KerupukTenggiri-laravel\\vendor\\laravel\\framework\\src\\Illuminate\\Session\\Middleware\\StartSession.php(64): Illuminate\\Session\\Middleware\\StartSession->handleStatefulRequest(Object(Illuminate\\Http\\Request), Object(Illuminate\\Session\\Store), Object(Closure))
#16 D:\\Perkuliahan\\Mata Kuliah\\Semester 4\\l. PPLAM (PR)\\Project\\KerupukTenggiri-laravel\\vendor\\laravel\\framework\\src\\Illuminate\\Pipeline\\Pipeline.php(180): Illuminate\\Session\\Middleware\\StartSession->handle(Object(Illuminate\\Http\\Request), Object(Closure))
#17 D:\\Perkuliahan\\Mata Kuliah\\Semester 4\\l. PPLAM (PR)\\Project\\KerupukTenggiri-laravel\\vendor\\laravel\\framework\\src\\Illuminate\\Cookie\\Middleware\\AddQueuedCookiesToResponse.php(37): Illuminate\\Pipeline\\Pipeline->Illuminate\\Pipeline\\{closure}(Object(Illuminate\\Http\\Request))
#18 D:\\Perkuliahan\\Mata Kuliah\\Semester 4\\l. PPLAM (PR)\\Project\\KerupukTenggiri-laravel\\vendor\\laravel\\framework\\src\\Illuminate\\Pipeline\\Pipeline.php(180): Illuminate\\Cookie\\Middleware\\AddQueuedCookiesToResponse->handle(Object(Illuminate\\Http\\Request), Object(Closure))
#19 D:\\Perkuliahan\\Mata Kuliah\\Semester 4\\l. PPLAM (PR)\\Project\\KerupukTenggiri-laravel\\vendor\\laravel\\framework\\src\\Illuminate\\Cookie\\Middleware\\EncryptCookies.php(67): Illuminate\\Pipeline\\Pipeline->Illuminate\\Pipeline\\{closure}(Object(Illuminate\\Http\\Request))
#20 D:\\Perkuliahan\\Mata Kuliah\\Semester 4\\l. PPLAM (PR)\\Project\\KerupukTenggiri-laravel\\vendor\\laravel\\framework\\src\\Illuminate\\Pipeline\\Pipeline.php(180): Illuminate\\Cookie\\Middleware\\EncryptCookies->handle(Object(Illuminate\\Http\\Request), Object(Closure))
#21 D:\\Perkuliahan\\Mata Kuliah\\Semester 4\\l. PPLAM (PR)\\Project\\KerupukTenggiri-laravel\\vendor\\laravel\\framework\\src\\Illuminate\\Pipeline\\Pipeline.php(116): Illuminate\\Pipeline\\Pipeline->Illuminate\\Pipeline\\{closure}(Object(Illuminate\\Http\\Request))
#22 D:\\Perkuliahan\\Mata Kuliah\\Semester 4\\l. PPLAM (PR)\\Project\\KerupukTenggiri-laravel\\vendor\\laravel\\framework\\src\\Illuminate\\Routing\\Router.php(726): Illuminate\\Pipeline\\Pipeline->then(Object(Closure))
#23 D:\\Perkuliahan\\Mata Kuliah\\Semester 4\\l. PPLAM (PR)\\Project\\KerupukTenggiri-laravel\\vendor\\laravel\\framework\\src\\Illuminate\\Routing\\Router.php(703): Illuminate\\Routing\\Router->runRouteWithinStack(Object(Illuminate\\Routing\\Route), Object(Illuminate\\Http\\Request))
#24 D:\\Perkuliahan\\Mata Kuliah\\Semester 4\\l. PPLAM (PR)\\Project\\KerupukTenggiri-laravel\\vendor\\laravel\\framework\\src\\Illuminate\\Routing\\Router.php(667): Illuminate\\Routing\\Router->runRoute(Object(Illuminate\\Http\\Request), Object(Illuminate\\Routing\\Route))
#25 D:\\Perkuliahan\\Mata Kuliah\\Semester 4\\l. PPLAM (PR)\\Project\\KerupukTenggiri-laravel\\vendor\\laravel\\framework\\src\\Illuminate\\Routing\\Router.php(656): Illuminate\\Routing\\Router->dispatchToRoute(Object(Illuminate\\Http\\Request))
#26 D:\\Perkuliahan\\Mata Kuliah\\Semester 4\\l. PPLAM (PR)\\Project\\KerupukTenggiri-laravel\\vendor\\laravel\\framework\\src\\Illuminate\\Foundation\\Http\\Kernel.php(167): Illuminate\\Routing\\Router->dispatch(Object(Illuminate\\Http\\Request))
#27 D:\\Perkuliahan\\Mata Kuliah\\Semester 4\\l. PPLAM (PR)\\Project\\KerupukTenggiri-laravel\\vendor\\laravel\\framework\\src\\Illuminate\\Pipeline\\Pipeline.php(141): Illuminate\\Foundation\\Http\\Kernel->Illuminate\\Foundation\\Http\\{closure}(Object(Illuminate\\Http\\Request))
#28 D:\\Perkuliahan\\Mata Kuliah\\Semester 4\\l. PPLAM (PR)\\Project\\KerupukTenggiri-laravel\\vendor\\laravel\\framework\\src\\Illuminate\\Foundation\\Http\\Middleware\\TransformsRequest.php(21): Illuminate\\Pipeline\\Pipeline->Illuminate\\Pipeline\\{closure}(Object(Illuminate\\Http\\Request))
#29 D:\\Perkuliahan\\Mata Kuliah\\Semester 4\\l. PPLAM (PR)\\Project\\KerupukTenggiri-laravel\\vendor\\laravel\\framework\\src\\Illuminate\\Foundation\\Http\\Middleware\\ConvertEmptyStringsToNull.php(31): Illuminate\\Foundation\\Http\\Middleware\\TransformsRequest->handle(Object(Illuminate\\Http\\Request), Object(Closure))
#30 D:\\Perkuliahan\\Mata Kuliah\\Semester 4\\l. PPLAM (PR)\\Project\\KerupukTenggiri-laravel\\vendor\\laravel\\framework\\src\\Illuminate\\Pipeline\\Pipeline.php(180): Illuminate\\Foundation\\Http\\Middleware\\ConvertEmptyStringsToNull->handle(Object(Illuminate\\Http\\Request), Object(Closure))
#31 D:\\Perkuliahan\\Mata Kuliah\\Semester 4\\l. PPLAM (PR)\\Project\\KerupukTenggiri-laravel\\vendor\\laravel\\framework\\src\\Illuminate\\Foundation\\Http\\Middleware\\TransformsRequest.php(21): Illuminate\\Pipeline\\Pipeline->Illuminate\\Pipeline\\{closure}(Object(Illuminate\\Http\\Request))
#32 D:\\Perkuliahan\\Mata Kuliah\\Semester 4\\l. PPLAM (PR)\\Project\\KerupukTenggiri-laravel\\vendor\\laravel\\framework\\src\\Illuminate\\Foundation\\Http\\Middleware\\TrimStrings.php(40): Illuminate\\Foundation\\Http\\Middleware\\TransformsRequest->handle(Object(Illuminate\\Http\\Request), Object(Closure))
#33 D:\\Perkuliahan\\Mata Kuliah\\Semester 4\\l. PPLAM (PR)\\Project\\KerupukTenggiri-laravel\\vendor\\laravel\\framework\\src\\Illuminate\\Pipeline\\Pipeline.php(180): Illuminate\\Foundation\\Http\\Middleware\\TrimStrings->handle(Object(Illuminate\\Http\\Request), Object(Closure))
#34 D:\\Perkuliahan\\Mata Kuliah\\Semester 4\\l. PPLAM (PR)\\Project\\KerupukTenggiri-laravel\\vendor\\laravel\\framework\\src\\Illuminate\\Foundation\\Http\\Middleware\\ValidatePostSize.php(27): Illuminate\\Pipeline\\Pipeline->Illuminate\\Pipeline\\{closure}(Object(Illuminate\\Http\\Request))
#35 D:\\Perkuliahan\\Mata Kuliah\\Semester 4\\l. PPLAM (PR)\\Project\\KerupukTenggiri-laravel\\vendor\\laravel\\framework\\src\\Illuminate\\Pipeline\\Pipeline.php(180): Illuminate\\Foundation\\Http\\Middleware\\ValidatePostSize->handle(Object(Illuminate\\Http\\Request), Object(Closure))
#36 D:\\Perkuliahan\\Mata Kuliah\\Semester 4\\l. PPLAM (PR)\\Project\\KerupukTenggiri-laravel\\vendor\\laravel\\framework\\src\\Illuminate\\Foundation\\Http\\Middleware\\PreventRequestsDuringMaintenance.php(86): Illuminate\\Pipeline\\Pipeline->Illuminate\\Pipeline\\{closure}(Object(Illuminate\\Http\\Request))
#37 D:\\Perkuliahan\\Mata Kuliah\\Semester 4\\l. PPLAM (PR)\\Project\\KerupukTenggiri-laravel\\vendor\\laravel\\framework\\src\\Illuminate\\Pipeline\\Pipeline.php(180): Illuminate\\Foundation\\Http\\Middleware\\PreventRequestsDuringMaintenance->handle(Object(Illuminate\\Http\\Request), Object(Closure))
#38 D:\\Perkuliahan\\Mata Kuliah\\Semester 4\\l. PPLAM (PR)\\Project\\KerupukTenggiri-laravel\\vendor\\laravel\\framework\\src\\Illuminate\\Http\\Middleware\\HandleCors.php(49): Illuminate\\Pipeline\\Pipeline->Illuminate\\Pipeline\\{closure}(Object(Illuminate\\Http\\Request))
#39 D:\\Perkuliahan\\Mata Kuliah\\Semester 4\\l. PPLAM (PR)\\Project\\KerupukTenggiri-laravel\\vendor\\laravel\\framework\\src\\Illuminate\\Pipeline\\Pipeline.php(180): Illuminate\\Http\\Middleware\\HandleCors->handle(Object(Illuminate\\Http\\Request), Object(Closure))
#40 D:\\Perkuliahan\\Mata Kuliah\\Semester 4\\l. PPLAM (PR)\\Project\\KerupukTenggiri-laravel\\vendor\\laravel\\framework\\src\\Illuminate\\Http\\Middleware\\TrustProxies.php(39): Illuminate\\Pipeline\\Pipeline->Illuminate\\Pipeline\\{closure}(Object(Illuminate\\Http\\Request))
#41 D:\\Perkuliahan\\Mata Kuliah\\Semester 4\\l. PPLAM (PR)\\Project\\KerupukTenggiri-laravel\\vendor\\laravel\\framework\\src\\Illuminate\\Pipeline\\Pipeline.php(180): Illuminate\\Http\\Middleware\\TrustProxies->handle(Object(Illuminate\\Http\\Request), Object(Closure))
#42 D:\\Perkuliahan\\Mata Kuliah\\Semester 4\\l. PPLAM (PR)\\Project\\KerupukTenggiri-laravel\\vendor\\laravel\\framework\\src\\Illuminate\\Pipeline\\Pipeline.php(116): Illuminate\\Pipeline\\Pipeline->Illuminate\\Pipeline\\{closure}(Object(Illuminate\\Http\\Request))
#43 D:\\Perkuliahan\\Mata Kuliah\\Semester 4\\l. PPLAM (PR)\\Project\\KerupukTenggiri-laravel\\vendor\\laravel\\framework\\src\\Illuminate\\Foundation\\Http\\Kernel.php(142): Illuminate\\Pipeline\\Pipeline->then(Object(Closure))
#44 D:\\Perkuliahan\\Mata Kuliah\\Semester 4\\l. PPLAM (PR)\\Project\\KerupukTenggiri-laravel\\vendor\\laravel\\framework\\src\\Illuminate\\Foundation\\Http\\Kernel.php(111): Illuminate\\Foundation\\Http\\Kernel->sendRequestThroughRouter(Object(Illuminate\\Http\\Request))
#45 D:\\Perkuliahan\\Mata Kuliah\\Semester 4\\l. PPLAM (PR)\\Project\\KerupukTenggiri-laravel\\public\\index.php(52): Illuminate\\Foundation\\Http\\Kernel->handle(Object(Illuminate\\Http\\Request))
#46 C:\\Users\\Candra\\AppData\\Roaming\\Composer\\vendor\\cretueusebiu\\valet-windows\\server.php(241): require('D:\\\\Perkuliahan\\\\...')
#47 {main}
"} 
[2022-05-08 06:38:17] local.ERROR: include_once(login.php): Failed to open stream: No such file or directory {"view":{"view":"D:\\Perkuliahan\\Mata Kuliah\\Semester 4\\l. PPLAM (PR","data":{"errors":"<pre class=sf-dump id=sf-dump-434324758 data-indent-pad=\"  \"><span class=sf-dump-note>Illuminate\\Support\\ViewErrorBag</span> {<a class=sf-dump-ref>#279</a><samp data-depth=1 class=sf-dump-expanded>
  #<span class=sf-dump-protected title=\"Protected property\">bags</span>: []
</samp>}
</pre><script>Sfdump(\"sf-dump-434324758\", {\"maxDepth\":3,\"maxStringLength\":160})</script>
","title":"<pre class=sf-dump id=sf-dump-1949786649 data-indent-pad=\"  \">\"<span class=sf-dump-str title=\"5 characters\">Login</span>\"
</pre><script>Sfdump(\"sf-dump-1949786649\", {\"maxDepth\":3,\"maxStringLength\":160})</script>
"}},"exception":"[object] (Spatie\\LaravelIgnition\\Exceptions\\ViewException(code: 0): include_once(login.php): Failed to open stream: No such file or directory at D:\\Perkuliahan\\Mata Kuliah\\Semester 4\\l. PPLAM (PR)\\Project\\KerupukTenggiri-laravel\\storage\\framework\\views\\ad68212aad82fddef3f41eb6be9c2a61b510c0e9.php:28)
[stacktrace]
#0 D:\\Perkuliahan\\Mata Kuliah\\Semester 4\\l. PPLAM (PR)\\Project\\KerupukTenggiri-laravel\\vendor\\laravel\\framework\\src\\Illuminate\\Foundation\\Bootstrap\\HandleExceptions.php(255): Illuminate\\Foundation\\Bootstrap\\HandleExceptions->handleError(2, 'include_once(lo...', 'D:\\\\Perkuliahan\\\\...', 28)
#1 D:\\Perkuliahan\\Mata Kuliah\\Semester 4\\l. PPLAM (PR)\\Project\\KerupukTenggiri-laravel\\storage\\framework\\views\\ad68212aad82fddef3f41eb6be9c2a61b510c0e9.php(28): Illuminate\\Foundation\\Bootstrap\\HandleExceptions->Illuminate\\Foundation\\Bootstrap\\{closure}(2, 'include_once(lo...', 'D:\\\\Perkuliahan\\\\...', 28)
#2 D:\\Perkuliahan\\Mata Kuliah\\Semester 4\\l. PPLAM (PR)\\Project\\KerupukTenggiri-laravel\\storage\\framework\\views\\ad68212aad82fddef3f41eb6be9c2a61b510c0e9.php(28): include_once('D:\\\\Perkuliahan\\\\...')
#3 D:\\Perkuliahan\\Mata Kuliah\\Semester 4\\l. PPLAM (PR)\\Project\\KerupukTenggiri-laravel\\vendor\\laravel\\framework\\src\\Illuminate\\Filesystem\\Filesystem.php(107): require('D:\\\\Perkuliahan\\\\...')
#4 D:\\Perkuliahan\\Mata Kuliah\\Semester 4\\l. PPLAM (PR)\\Project\\KerupukTenggiri-laravel\\vendor\\laravel\\framework\\src\\Illuminate\\Filesystem\\Filesystem.php(108): Illuminate\\Filesystem\\Filesystem::Illuminate\\Filesystem\\{closure}()
#5 D:\\Perkuliahan\\Mata Kuliah\\Semester 4\\l. PPLAM (PR)\\Project\\KerupukTenggiri-laravel\\vendor\\laravel\\framework\\src\\Illuminate\\View\\Engines\\PhpEngine.php(58): Illuminate\\Filesystem\\Filesystem->getRequire('D:\\\\Perkuliahan\\\\...', Array)
#6 D:\\Perkuliahan\\Mata Kuliah\\Semester 4\\l. PPLAM (PR)\\Project\\KerupukTenggiri-laravel\\vendor\\laravel\\framework\\src\\Illuminate\\View\\Engines\\CompilerEngine.php(61): Illuminate\\View\\Engines\\PhpEngine->evaluatePath('D:\\\\Perkuliahan\\\\...', Array)
#7 D:\\Perkuliahan\\Mata Kuliah\\Semester 4\\l. PPLAM (PR)\\Project\\KerupukTenggiri-laravel\\vendor\\laravel\\framework\\src\\Illuminate\\View\\View.php(139): Illuminate\\View\\Engines\\CompilerEngine->get('D:\\\\Perkuliahan\\\\...', Array)
#8 D:\\Perkuliahan\\Mata Kuliah\\Semester 4\\l. PPLAM (PR)\\Project\\KerupukTenggiri-laravel\\vendor\\laravel\\framework\\src\\Illuminate\\View\\View.php(122): Illuminate\\View\\View->getContents()
#9 D:\\Perkuliahan\\Mata Kuliah\\Semester 4\\l. PPLAM (PR)\\Project\\KerupukTenggiri-laravel\\vendor\\laravel\\framework\\src\\Illuminate\\View\\View.php(91): Illuminate\\View\\View->renderContents()
#10 D:\\Perkuliahan\\Mata Kuliah\\Semester 4\\l. PPLAM (PR)\\Project\\KerupukTenggiri-laravel\\vendor\\laravel\\framework\\src\\Illuminate\\Http\\Response.php(69): Illuminate\\View\\View->render()
#11 D:\\Perkuliahan\\Mata Kuliah\\Semester 4\\l. PPLAM (PR)\\Project\\KerupukTenggiri-laravel\\vendor\\laravel\\framework\\src\\Illuminate\\Http\\Response.php(35): Illuminate\\Http\\Response->setContent(Object(Illuminate\\View\\View))
#12 D:\\Perkuliahan\\Mata Kuliah\\Semester 4\\l. PPLAM (PR)\\Project\\KerupukTenggiri-laravel\\vendor\\laravel\\framework\\src\\Illuminate\\Routing\\Router.php(833): Illuminate\\Http\\Response->__construct(Object(Illuminate\\View\\View), 200, Array)
#13 D:\\Perkuliahan\\Mata Kuliah\\Semester 4\\l. PPLAM (PR)\\Project\\KerupukTenggiri-laravel\\vendor\\laravel\\framework\\src\\Illuminate\\Routing\\Router.php(802): Illuminate\\Routing\\Router::toResponse(Object(Illuminate\\Http\\Request), Object(Illuminate\\View\\View))
#14 D:\\Perkuliahan\\Mata Kuliah\\Semester 4\\l. PPLAM (PR)\\Project\\KerupukTenggiri-laravel\\vendor\\laravel\\framework\\src\\Illuminate\\Routing\\Router.php(725): Illuminate\\Routing\\Router->prepareResponse(Object(Illuminate\\Http\\Request), Object(Illuminate\\View\\View))
#15 D:\\Perkuliahan\\Mata Kuliah\\Semester 4\\l. PPLAM (PR)\\Project\\KerupukTenggiri-laravel\\vendor\\laravel\\framework\\src\\Illuminate\\Pipeline\\Pipeline.php(141): Illuminate\\Routing\\Router->Illuminate\\Routing\\{closure}(Object(Illuminate\\Http\\Request))
#16 D:\\Perkuliahan\\Mata Kuliah\\Semester 4\\l. PPLAM (PR)\\Project\\KerupukTenggiri-laravel\\vendor\\laravel\\framework\\src\\Illuminate\\Routing\\Middleware\\SubstituteBindings.php(50): Illuminate\\Pipeline\\Pipeline->Illuminate\\Pipeline\\{closure}(Object(Illuminate\\Http\\Request))
#17 D:\\Perkuliahan\\Mata Kuliah\\Semester 4\\l. PPLAM (PR)\\Project\\KerupukTenggiri-laravel\\vendor\\laravel\\framework\\src\\Illuminate\\Pipeline\\Pipeline.php(180): Illuminate\\Routing\\Middleware\\SubstituteBindings->handle(Object(Illuminate\\Http\\Request), Object(Closure))
#18 D:\\Perkuliahan\\Mata Kuliah\\Semester 4\\l. PPLAM (PR)\\Project\\KerupukTenggiri-laravel\\vendor\\laravel\\framework\\src\\Illuminate\\Foundation\\Http\\Middleware\\VerifyCsrfToken.php(78): Illuminate\\Pipeline\\Pipeline->Illuminate\\Pipeline\\{closure}(Object(Illuminate\\Http\\Request))
#19 D:\\Perkuliahan\\Mata Kuliah\\Semester 4\\l. PPLAM (PR)\\Project\\KerupukTenggiri-laravel\\vendor\\laravel\\framework\\src\\Illuminate\\Pipeline\\Pipeline.php(180): Illuminate\\Foundation\\Http\\Middleware\\VerifyCsrfToken->handle(Object(Illuminate\\Http\\Request), Object(Closure))
#20 D:\\Perkuliahan\\Mata Kuliah\\Semester 4\\l. PPLAM (PR)\\Project\\KerupukTenggiri-laravel\\vendor\\laravel\\framework\\src\\Illuminate\\View\\Middleware\\ShareErrorsFromSession.php(49): Illuminate\\Pipeline\\Pipeline->Illuminate\\Pipeline\\{closure}(Object(Illuminate\\Http\\Request))
#21 D:\\Perkuliahan\\Mata Kuliah\\Semester 4\\l. PPLAM (PR)\\Project\\KerupukTenggiri-laravel\\vendor\\laravel\\framework\\src\\Illuminate\\Pipeline\\Pipeline.php(180): Illuminate\\View\\Middleware\\ShareErrorsFromSession->handle(Object(Illuminate\\Http\\Request), Object(Closure))
#22 D:\\Perkuliahan\\Mata Kuliah\\Semester 4\\l. PPLAM (PR)\\Project\\KerupukTenggiri-laravel\\vendor\\laravel\\framework\\src\\Illuminate\\Session\\Middleware\\StartSession.php(121): Illuminate\\Pipeline\\Pipeline->Illuminate\\Pipeline\\{closure}(Object(Illuminate\\Http\\Request))
#23 D:\\Perkuliahan\\Mata Kuliah\\Semester 4\\l. PPLAM (PR)\\Project\\KerupukTenggiri-laravel\\vendor\\laravel\\framework\\src\\Illuminate\\Session\\Middleware\\StartSession.php(64): Illuminate\\Session\\Middleware\\StartSession->handleStatefulRequest(Object(Illuminate\\Http\\Request), Object(Illuminate\\Session\\Store), Object(Closure))
#24 D:\\Perkuliahan\\Mata Kuliah\\Semester 4\\l. PPLAM (PR)\\Project\\KerupukTenggiri-laravel\\vendor\\laravel\\framework\\src\\Illuminate\\Pipeline\\Pipeline.php(180): Illuminate\\Session\\Middleware\\StartSession->handle(Object(Illuminate\\Http\\Request), Object(Closure))
#25 D:\\Perkuliahan\\Mata Kuliah\\Semester 4\\l. PPLAM (PR)\\Project\\KerupukTenggiri-laravel\\vendor\\laravel\\framework\\src\\Illuminate\\Cookie\\Middleware\\AddQueuedCookiesToResponse.php(37): Illuminate\\Pipeline\\Pipeline->Illuminate\\Pipeline\\{closure}(Object(Illuminate\\Http\\Request))
#26 D:\\Perkuliahan\\Mata Kuliah\\Semester 4\\l. PPLAM (PR)\\Project\\KerupukTenggiri-laravel\\vendor\\laravel\\framework\\src\\Illuminate\\Pipeline\\Pipeline.php(180): Illuminate\\Cookie\\Middleware\\AddQueuedCookiesToResponse->handle(Object(Illuminate\\Http\\Request), Object(Closure))
#27 D:\\Perkuliahan\\Mata Kuliah\\Semester 4\\l. PPLAM (PR)\\Project\\KerupukTenggiri-laravel\\vendor\\laravel\\framework\\src\\Illuminate\\Cookie\\Middleware\\EncryptCookies.php(67): Illuminate\\Pipeline\\Pipeline->Illuminate\\Pipeline\\{closure}(Object(Illuminate\\Http\\Request))
#28 D:\\Perkuliahan\\Mata Kuliah\\Semester 4\\l. PPLAM (PR)\\Project\\KerupukTenggiri-laravel\\vendor\\laravel\\framework\\src\\Illuminate\\Pipeline\\Pipeline.php(180): Illuminate\\Cookie\\Middleware\\EncryptCookies->handle(Object(Illuminate\\Http\\Request), Object(Closure))
#29 D:\\Perkuliahan\\Mata Kuliah\\Semester 4\\l. PPLAM (PR)\\Project\\KerupukTenggiri-laravel\\vendor\\laravel\\framework\\src\\Illuminate\\Pipeline\\Pipeline.php(116): Illuminate\\Pipeline\\Pipeline->Illuminate\\Pipeline\\{closure}(Object(Illuminate\\Http\\Request))
#30 D:\\Perkuliahan\\Mata Kuliah\\Semester 4\\l. PPLAM (PR)\\Project\\KerupukTenggiri-laravel\\vendor\\laravel\\framework\\src\\Illuminate\\Routing\\Router.php(726): Illuminate\\Pipeline\\Pipeline->then(Object(Closure))
#31 D:\\Perkuliahan\\Mata Kuliah\\Semester 4\\l. PPLAM (PR)\\Project\\KerupukTenggiri-laravel\\vendor\\laravel\\framework\\src\\Illuminate\\Routing\\Router.php(703): Illuminate\\Routing\\Router->runRouteWithinStack(Object(Illuminate\\Routing\\Route), Object(Illuminate\\Http\\Request))
#32 D:\\Perkuliahan\\Mata Kuliah\\Semester 4\\l. PPLAM (PR)\\Project\\KerupukTenggiri-laravel\\vendor\\laravel\\framework\\src\\Illuminate\\Routing\\Router.php(667): Illuminate\\Routing\\Router->runRoute(Object(Illuminate\\Http\\Request), Object(Illuminate\\Routing\\Route))
#33 D:\\Perkuliahan\\Mata Kuliah\\Semester 4\\l. PPLAM (PR)\\Project\\KerupukTenggiri-laravel\\vendor\\laravel\\framework\\src\\Illuminate\\Routing\\Router.php(656): Illuminate\\Routing\\Router->dispatchToRoute(Object(Illuminate\\Http\\Request))
#34 D:\\Perkuliahan\\Mata Kuliah\\Semester 4\\l. PPLAM (PR)\\Project\\KerupukTenggiri-laravel\\vendor\\laravel\\framework\\src\\Illuminate\\Foundation\\Http\\Kernel.php(167): Illuminate\\Routing\\Router->dispatch(Object(Illuminate\\Http\\Request))
#35 D:\\Perkuliahan\\Mata Kuliah\\Semester 4\\l. PPLAM (PR)\\Project\\KerupukTenggiri-laravel\\vendor\\laravel\\framework\\src\\Illuminate\\Pipeline\\Pipeline.php(141): Illuminate\\Foundation\\Http\\Kernel->Illuminate\\Foundation\\Http\\{closure}(Object(Illuminate\\Http\\Request))
#36 D:\\Perkuliahan\\Mata Kuliah\\Semester 4\\l. PPLAM (PR)\\Project\\KerupukTenggiri-laravel\\vendor\\laravel\\framework\\src\\Illuminate\\Foundation\\Http\\Middleware\\TransformsRequest.php(21): Illuminate\\Pipeline\\Pipeline->Illuminate\\Pipeline\\{closure}(Object(Illuminate\\Http\\Request))
#37 D:\\Perkuliahan\\Mata Kuliah\\Semester 4\\l. PPLAM (PR)\\Project\\KerupukTenggiri-laravel\\vendor\\laravel\\framework\\src\\Illuminate\\Foundation\\Http\\Middleware\\ConvertEmptyStringsToNull.php(31): Illuminate\\Foundation\\Http\\Middleware\\TransformsRequest->handle(Object(Illuminate\\Http\\Request), Object(Closure))
#38 D:\\Perkuliahan\\Mata Kuliah\\Semester 4\\l. PPLAM (PR)\\Project\\KerupukTenggiri-laravel\\vendor\\laravel\\framework\\src\\Illuminate\\Pipeline\\Pipeline.php(180): Illuminate\\Foundation\\Http\\Middleware\\ConvertEmptyStringsToNull->handle(Object(Illuminate\\Http\\Request), Object(Closure))
#39 D:\\Perkuliahan\\Mata Kuliah\\Semester 4\\l. PPLAM (PR)\\Project\\KerupukTenggiri-laravel\\vendor\\laravel\\framework\\src\\Illuminate\\Foundation\\Http\\Middleware\\TransformsRequest.php(21): Illuminate\\Pipeline\\Pipeline->Illuminate\\Pipeline\\{closure}(Object(Illuminate\\Http\\Request))
#40 D:\\Perkuliahan\\Mata Kuliah\\Semester 4\\l. PPLAM (PR)\\Project\\KerupukTenggiri-laravel\\vendor\\laravel\\framework\\src\\Illuminate\\Foundation\\Http\\Middleware\\TrimStrings.php(40): Illuminate\\Foundation\\Http\\Middleware\\TransformsRequest->handle(Object(Illuminate\\Http\\Request), Object(Closure))
#41 D:\\Perkuliahan\\Mata Kuliah\\Semester 4\\l. PPLAM (PR)\\Project\\KerupukTenggiri-laravel\\vendor\\laravel\\framework\\src\\Illuminate\\Pipeline\\Pipeline.php(180): Illuminate\\Foundation\\Http\\Middleware\\TrimStrings->handle(Object(Illuminate\\Http\\Request), Object(Closure))
#42 D:\\Perkuliahan\\Mata Kuliah\\Semester 4\\l. PPLAM (PR)\\Project\\KerupukTenggiri-laravel\\vendor\\laravel\\framework\\src\\Illuminate\\Foundation\\Http\\Middleware\\ValidatePostSize.php(27): Illuminate\\Pipeline\\Pipeline->Illuminate\\Pipeline\\{closure}(Object(Illuminate\\Http\\Request))
#43 D:\\Perkuliahan\\Mata Kuliah\\Semester 4\\l. PPLAM (PR)\\Project\\KerupukTenggiri-laravel\\vendor\\laravel\\framework\\src\\Illuminate\\Pipeline\\Pipeline.php(180): Illuminate\\Foundation\\Http\\Middleware\\ValidatePostSize->handle(Object(Illuminate\\Http\\Request), Object(Closure))
#44 D:\\Perkuliahan\\Mata Kuliah\\Semester 4\\l. PPLAM (PR)\\Project\\KerupukTenggiri-laravel\\vendor\\laravel\\framework\\src\\Illuminate\\Foundation\\Http\\Middleware\\PreventRequestsDuringMaintenance.php(86): Illuminate\\Pipeline\\Pipeline->Illuminate\\Pipeline\\{closure}(Object(Illuminate\\Http\\Request))
#45 D:\\Perkuliahan\\Mata Kuliah\\Semester 4\\l. PPLAM (PR)\\Project\\KerupukTenggiri-laravel\\vendor\\laravel\\framework\\src\\Illuminate\\Pipeline\\Pipeline.php(180): Illuminate\\Foundation\\Http\\Middleware\\PreventRequestsDuringMaintenance->handle(Object(Illuminate\\Http\\Request), Object(Closure))
#46 D:\\Perkuliahan\\Mata Kuliah\\Semester 4\\l. PPLAM (PR)\\Project\\KerupukTenggiri-laravel\\vendor\\laravel\\framework\\src\\Illuminate\\Http\\Middleware\\HandleCors.php(49): Illuminate\\Pipeline\\Pipeline->Illuminate\\Pipeline\\{closure}(Object(Illuminate\\Http\\Request))
#47 D:\\Perkuliahan\\Mata Kuliah\\Semester 4\\l. PPLAM (PR)\\Project\\KerupukTenggiri-laravel\\vendor\\laravel\\framework\\src\\Illuminate\\Pipeline\\Pipeline.php(180): Illuminate\\Http\\Middleware\\HandleCors->handle(Object(Illuminate\\Http\\Request), Object(Closure))
#48 D:\\Perkuliahan\\Mata Kuliah\\Semester 4\\l. PPLAM (PR)\\Project\\KerupukTenggiri-laravel\\vendor\\laravel\\framework\\src\\Illuminate\\Http\\Middleware\\TrustProxies.php(39): Illuminate\\Pipeline\\Pipeline->Illuminate\\Pipeline\\{closure}(Object(Illuminate\\Http\\Request))
#49 D:\\Perkuliahan\\Mata Kuliah\\Semester 4\\l. PPLAM (PR)\\Project\\KerupukTenggiri-laravel\\vendor\\laravel\\framework\\src\\Illuminate\\Pipeline\\Pipeline.php(180): Illuminate\\Http\\Middleware\\TrustProxies->handle(Object(Illuminate\\Http\\Request), Object(Closure))
#50 D:\\Perkuliahan\\Mata Kuliah\\Semester 4\\l. PPLAM (PR)\\Project\\KerupukTenggiri-laravel\\vendor\\laravel\\framework\\src\\Illuminate\\Pipeline\\Pipeline.php(116): Illuminate\\Pipeline\\Pipeline->Illuminate\\Pipeline\\{closure}(Object(Illuminate\\Http\\Request))
#51 D:\\Perkuliahan\\Mata Kuliah\\Semester 4\\l. PPLAM (PR)\\Project\\KerupukTenggiri-laravel\\vendor\\laravel\\framework\\src\\Illuminate\\Foundation\\Http\\Kernel.php(142): Illuminate\\Pipeline\\Pipeline->then(Object(Closure))
#52 D:\\Perkuliahan\\Mata Kuliah\\Semester 4\\l. PPLAM (PR)\\Project\\KerupukTenggiri-laravel\\vendor\\laravel\\framework\\src\\Illuminate\\Foundation\\Http\\Kernel.php(111): Illuminate\\Foundation\\Http\\Kernel->sendRequestThroughRouter(Object(Illuminate\\Http\\Request))
#53 D:\\Perkuliahan\\Mata Kuliah\\Semester 4\\l. PPLAM (PR)\\Project\\KerupukTenggiri-laravel\\public\\index.php(52): Illuminate\\Foundation\\Http\\Kernel->handle(Object(Illuminate\\Http\\Request))
#54 C:\\Users\\Candra\\AppData\\Roaming\\Composer\\vendor\\cretueusebiu\\valet-windows\\server.php(241): require('D:\\\\Perkuliahan\\\\...')
#55 {main}

[previous exception] [object] (ErrorException(code: 0): include_once(login.php): Failed to open stream: No such file or directory at D:\\Perkuliahan\\Mata Kuliah\\Semester 4\\l. PPLAM (PR)\\Project\\KerupukTenggiri-laravel\\storage\\framework\\views\\ad68212aad82fddef3f41eb6be9c2a61b510c0e9.php:28)
[stacktrace]
#0 D:\\Perkuliahan\\Mata Kuliah\\Semester 4\\l. PPLAM (PR)\\Project\\KerupukTenggiri-laravel\\vendor\\laravel\\framework\\src\\Illuminate\\Foundation\\Bootstrap\\HandleExceptions.php(255): Illuminate\\Foundation\\Bootstrap\\HandleExceptions->handleError(2, 'include_once(lo...', 'D:\\\\Perkuliahan\\\\...', 28)
#1 D:\\Perkuliahan\\Mata Kuliah\\Semester 4\\l. PPLAM (PR)\\Project\\KerupukTenggiri-laravel\\storage\\framework\\views\\ad68212aad82fddef3f41eb6be9c2a61b510c0e9.php(28): Illuminate\\Foundation\\Bootstrap\\HandleExceptions->Illuminate\\Foundation\\Bootstrap\\{closure}(2, 'include_once(lo...', 'D:\\\\Perkuliahan\\\\...', 28)
#2 D:\\Perkuliahan\\Mata Kuliah\\Semester 4\\l. PPLAM (PR)\\Project\\KerupukTenggiri-laravel\\storage\\framework\\views\\ad68212aad82fddef3f41eb6be9c2a61b510c0e9.php(28): include_once('D:\\\\Perkuliahan\\\\...')
#3 D:\\Perkuliahan\\Mata Kuliah\\Semester 4\\l. PPLAM (PR)\\Project\\KerupukTenggiri-laravel\\vendor\\laravel\\framework\\src\\Illuminate\\Filesystem\\Filesystem.php(107): require('D:\\\\Perkuliahan\\\\...')
#4 D:\\Perkuliahan\\Mata Kuliah\\Semester 4\\l. PPLAM (PR)\\Project\\KerupukTenggiri-laravel\\vendor\\laravel\\framework\\src\\Illuminate\\Filesystem\\Filesystem.php(108): Illuminate\\Filesystem\\Filesystem::Illuminate\\Filesystem\\{closure}()
#5 D:\\Perkuliahan\\Mata Kuliah\\Semester 4\\l. PPLAM (PR)\\Project\\KerupukTenggiri-laravel\\vendor\\laravel\\framework\\src\\Illuminate\\View\\Engines\\PhpEngine.php(58): Illuminate\\Filesystem\\Filesystem->getRequire('D:\\\\Perkuliahan\\\\...', Array)
#6 D:\\Perkuliahan\\Mata Kuliah\\Semester 4\\l. PPLAM (PR)\\Project\\KerupukTenggiri-laravel\\vendor\\laravel\\framework\\src\\Illuminate\\View\\Engines\\CompilerEngine.php(61): Illuminate\\View\\Engines\\PhpEngine->evaluatePath('D:\\\\Perkuliahan\\\\...', Array)
#7 D:\\Perkuliahan\\Mata Kuliah\\Semester 4\\l. PPLAM (PR)\\Project\\KerupukTenggiri-laravel\\vendor\\laravel\\framework\\src\\Illuminate\\View\\View.php(139): Illuminate\\View\\Engines\\CompilerEngine->get('D:\\\\Perkuliahan\\\\...', Array)
#8 D:\\Perkuliahan\\Mata Kuliah\\Semester 4\\l. PPLAM (PR)\\Project\\KerupukTenggiri-laravel\\vendor\\laravel\\framework\\src\\Illuminate\\View\\View.php(122): Illuminate\\View\\View->getContents()
#9 D:\\Perkuliahan\\Mata Kuliah\\Semester 4\\l. PPLAM (PR)\\Project\\KerupukTenggiri-laravel\\vendor\\laravel\\framework\\src\\Illuminate\\View\\View.php(91): Illuminate\\View\\View->renderContents()
#10 D:\\Perkuliahan\\Mata Kuliah\\Semester 4\\l. PPLAM (PR)\\Project\\KerupukTenggiri-laravel\\vendor\\laravel\\framework\\src\\Illuminate\\Http\\Response.php(69): Illuminate\\View\\View->render()
#11 D:\\Perkuliahan\\Mata Kuliah\\Semester 4\\l. PPLAM (PR)\\Project\\KerupukTenggiri-laravel\\vendor\\laravel\\framework\\src\\Illuminate\\Http\\Response.php(35): Illuminate\\Http\\Response->setContent(Object(Illuminate\\View\\View))
#12 D:\\Perkuliahan\\Mata Kuliah\\Semester 4\\l. PPLAM (PR)\\Project\\KerupukTenggiri-laravel\\vendor\\laravel\\framework\\src\\Illuminate\\Routing\\Router.php(833): Illuminate\\Http\\Response->__construct(Object(Illuminate\\View\\View), 200, Array)
#13 D:\\Perkuliahan\\Mata Kuliah\\Semester 4\\l. PPLAM (PR)\\Project\\KerupukTenggiri-laravel\\vendor\\laravel\\framework\\src\\Illuminate\\Routing\\Router.php(802): Illuminate\\Routing\\Router::toResponse(Object(Illuminate\\Http\\Request), Object(Illuminate\\View\\View))
#14 D:\\Perkuliahan\\Mata Kuliah\\Semester 4\\l. PPLAM (PR)\\Project\\KerupukTenggiri-laravel\\vendor\\laravel\\framework\\src\\Illuminate\\Routing\\Router.php(725): Illuminate\\Routing\\Router->prepareResponse(Object(Illuminate\\Http\\Request), Object(Illuminate\\View\\View))
#15 D:\\Perkuliahan\\Mata Kuliah\\Semester 4\\l. PPLAM (PR)\\Project\\KerupukTenggiri-laravel\\vendor\\laravel\\framework\\src\\Illuminate\\Pipeline\\Pipeline.php(141): Illuminate\\Routing\\Router->Illuminate\\Routing\\{closure}(Object(Illuminate\\Http\\Request))
#16 D:\\Perkuliahan\\Mata Kuliah\\Semester 4\\l. PPLAM (PR)\\Project\\KerupukTenggiri-laravel\\vendor\\laravel\\framework\\src\\Illuminate\\Routing\\Middleware\\SubstituteBindings.php(50): Illuminate\\Pipeline\\Pipeline->Illuminate\\Pipeline\\{closure}(Object(Illuminate\\Http\\Request))
#17 D:\\Perkuliahan\\Mata Kuliah\\Semester 4\\l. PPLAM (PR)\\Project\\KerupukTenggiri-laravel\\vendor\\laravel\\framework\\src\\Illuminate\\Pipeline\\Pipeline.php(180): Illuminate\\Routing\\Middleware\\SubstituteBindings->handle(Object(Illuminate\\Http\\Request), Object(Closure))
#18 D:\\Perkuliahan\\Mata Kuliah\\Semester 4\\l. PPLAM (PR)\\Project\\KerupukTenggiri-laravel\\vendor\\laravel\\framework\\src\\Illuminate\\Foundation\\Http\\Middleware\\VerifyCsrfToken.php(78): Illuminate\\Pipeline\\Pipeline->Illuminate\\Pipeline\\{closure}(Object(Illuminate\\Http\\Request))
#19 D:\\Perkuliahan\\Mata Kuliah\\Semester 4\\l. PPLAM (PR)\\Project\\KerupukTenggiri-laravel\\vendor\\laravel\\framework\\src\\Illuminate\\Pipeline\\Pipeline.php(180): Illuminate\\Foundation\\Http\\Middleware\\VerifyCsrfToken->handle(Object(Illuminate\\Http\\Request), Object(Closure))
#20 D:\\Perkuliahan\\Mata Kuliah\\Semester 4\\l. PPLAM (PR)\\Project\\KerupukTenggiri-laravel\\vendor\\laravel\\framework\\src\\Illuminate\\View\\Middleware\\ShareErrorsFromSession.php(49): Illuminate\\Pipeline\\Pipeline->Illuminate\\Pipeline\\{closure}(Object(Illuminate\\Http\\Request))
#21 D:\\Perkuliahan\\Mata Kuliah\\Semester 4\\l. PPLAM (PR)\\Project\\KerupukTenggiri-laravel\\vendor\\laravel\\framework\\src\\Illuminate\\Pipeline\\Pipeline.php(180): Illuminate\\View\\Middleware\\ShareErrorsFromSession->handle(Object(Illuminate\\Http\\Request), Object(Closure))
#22 D:\\Perkuliahan\\Mata Kuliah\\Semester 4\\l. PPLAM (PR)\\Project\\KerupukTenggiri-laravel\\vendor\\laravel\\framework\\src\\Illuminate\\Session\\Middleware\\StartSession.php(121): Illuminate\\Pipeline\\Pipeline->Illuminate\\Pipeline\\{closure}(Object(Illuminate\\Http\\Request))
#23 D:\\Perkuliahan\\Mata Kuliah\\Semester 4\\l. PPLAM (PR)\\Project\\KerupukTenggiri-laravel\\vendor\\laravel\\framework\\src\\Illuminate\\Session\\Middleware\\StartSession.php(64): Illuminate\\Session\\Middleware\\StartSession->handleStatefulRequest(Object(Illuminate\\Http\\Request), Object(Illuminate\\Session\\Store), Object(Closure))
#24 D:\\Perkuliahan\\Mata Kuliah\\Semester 4\\l. PPLAM (PR)\\Project\\KerupukTenggiri-laravel\\vendor\\laravel\\framework\\src\\Illuminate\\Pipeline\\Pipeline.php(180): Illuminate\\Session\\Middleware\\StartSession->handle(Object(Illuminate\\Http\\Request), Object(Closure))
#25 D:\\Perkuliahan\\Mata Kuliah\\Semester 4\\l. PPLAM (PR)\\Project\\KerupukTenggiri-laravel\\vendor\\laravel\\framework\\src\\Illuminate\\Cookie\\Middleware\\AddQueuedCookiesToResponse.php(37): Illuminate\\Pipeline\\Pipeline->Illuminate\\Pipeline\\{closure}(Object(Illuminate\\Http\\Request))
#26 D:\\Perkuliahan\\Mata Kuliah\\Semester 4\\l. PPLAM (PR)\\Project\\KerupukTenggiri-laravel\\vendor\\laravel\\framework\\src\\Illuminate\\Pipeline\\Pipeline.php(180): Illuminate\\Cookie\\Middleware\\AddQueuedCookiesToResponse->handle(Object(Illuminate\\Http\\Request), Object(Closure))
#27 D:\\Perkuliahan\\Mata Kuliah\\Semester 4\\l. PPLAM (PR)\\Project\\KerupukTenggiri-laravel\\vendor\\laravel\\framework\\src\\Illuminate\\Cookie\\Middleware\\EncryptCookies.php(67): Illuminate\\Pipeline\\Pipeline->Illuminate\\Pipeline\\{closure}(Object(Illuminate\\Http\\Request))
#28 D:\\Perkuliahan\\Mata Kuliah\\Semester 4\\l. PPLAM (PR)\\Project\\KerupukTenggiri-laravel\\vendor\\laravel\\framework\\src\\Illuminate\\Pipeline\\Pipeline.php(180): Illuminate\\Cookie\\Middleware\\EncryptCookies->handle(Object(Illuminate\\Http\\Request), Object(Closure))
#29 D:\\Perkuliahan\\Mata Kuliah\\Semester 4\\l. PPLAM (PR)\\Project\\KerupukTenggiri-laravel\\vendor\\laravel\\framework\\src\\Illuminate\\Pipeline\\Pipeline.php(116): Illuminate\\Pipeline\\Pipeline->Illuminate\\Pipeline\\{closure}(Object(Illuminate\\Http\\Request))
#30 D:\\Perkuliahan\\Mata Kuliah\\Semester 4\\l. PPLAM (PR)\\Project\\KerupukTenggiri-laravel\\vendor\\laravel\\framework\\src\\Illuminate\\Routing\\Router.php(726): Illuminate\\Pipeline\\Pipeline->then(Object(Closure))
#31 D:\\Perkuliahan\\Mata Kuliah\\Semester 4\\l. PPLAM (PR)\\Project\\KerupukTenggiri-laravel\\vendor\\laravel\\framework\\src\\Illuminate\\Routing\\Router.php(703): Illuminate\\Routing\\Router->runRouteWithinStack(Object(Illuminate\\Routing\\Route), Object(Illuminate\\Http\\Request))
#32 D:\\Perkuliahan\\Mata Kuliah\\Semester 4\\l. PPLAM (PR)\\Project\\KerupukTenggiri-laravel\\vendor\\laravel\\framework\\src\\Illuminate\\Routing\\Router.php(667): Illuminate\\Routing\\Router->runRoute(Object(Illuminate\\Http\\Request), Object(Illuminate\\Routing\\Route))
#33 D:\\Perkuliahan\\Mata Kuliah\\Semester 4\\l. PPLAM (PR)\\Project\\KerupukTenggiri-laravel\\vendor\\laravel\\framework\\src\\Illuminate\\Routing\\Router.php(656): Illuminate\\Routing\\Router->dispatchToRoute(Object(Illuminate\\Http\\Request))
#34 D:\\Perkuliahan\\Mata Kuliah\\Semester 4\\l. PPLAM (PR)\\Project\\KerupukTenggiri-laravel\\vendor\\laravel\\framework\\src\\Illuminate\\Foundation\\Http\\Kernel.php(167): Illuminate\\Routing\\Router->dispatch(Object(Illuminate\\Http\\Request))
#35 D:\\Perkuliahan\\Mata Kuliah\\Semester 4\\l. PPLAM (PR)\\Project\\KerupukTenggiri-laravel\\vendor\\laravel\\framework\\src\\Illuminate\\Pipeline\\Pipeline.php(141): Illuminate\\Foundation\\Http\\Kernel->Illuminate\\Foundation\\Http\\{closure}(Object(Illuminate\\Http\\Request))
#36 D:\\Perkuliahan\\Mata Kuliah\\Semester 4\\l. PPLAM (PR)\\Project\\KerupukTenggiri-laravel\\vendor\\laravel\\framework\\src\\Illuminate\\Foundation\\Http\\Middleware\\TransformsRequest.php(21): Illuminate\\Pipeline\\Pipeline->Illuminate\\Pipeline\\{closure}(Object(Illuminate\\Http\\Request))
#37 D:\\Perkuliahan\\Mata Kuliah\\Semester 4\\l. PPLAM (PR)\\Project\\KerupukTenggiri-laravel\\vendor\\laravel\\framework\\src\\Illuminate\\Foundation\\Http\\Middleware\\ConvertEmptyStringsToNull.php(31): Illuminate\\Foundation\\Http\\Middleware\\TransformsRequest->handle(Object(Illuminate\\Http\\Request), Object(Closure))
#38 D:\\Perkuliahan\\Mata Kuliah\\Semester 4\\l. PPLAM (PR)\\Project\\KerupukTenggiri-laravel\\vendor\\laravel\\framework\\src\\Illuminate\\Pipeline\\Pipeline.php(180): Illuminate\\Foundation\\Http\\Middleware\\ConvertEmptyStringsToNull->handle(Object(Illuminate\\Http\\Request), Object(Closure))
#39 D:\\Perkuliahan\\Mata Kuliah\\Semester 4\\l. PPLAM (PR)\\Project\\KerupukTenggiri-laravel\\vendor\\laravel\\framework\\src\\Illuminate\\Foundation\\Http\\Middleware\\TransformsRequest.php(21): Illuminate\\Pipeline\\Pipeline->Illuminate\\Pipeline\\{closure}(Object(Illuminate\\Http\\Request))
#40 D:\\Perkuliahan\\Mata Kuliah\\Semester 4\\l. PPLAM (PR)\\Project\\KerupukTenggiri-laravel\\vendor\\laravel\\framework\\src\\Illuminate\\Foundation\\Http\\Middleware\\TrimStrings.php(40): Illuminate\\Foundation\\Http\\Middleware\\TransformsRequest->handle(Object(Illuminate\\Http\\Request), Object(Closure))
#41 D:\\Perkuliahan\\Mata Kuliah\\Semester 4\\l. PPLAM (PR)\\Project\\KerupukTenggiri-laravel\\vendor\\laravel\\framework\\src\\Illuminate\\Pipeline\\Pipeline.php(180): Illuminate\\Foundation\\Http\\Middleware\\TrimStrings->handle(Object(Illuminate\\Http\\Request), Object(Closure))
#42 D:\\Perkuliahan\\Mata Kuliah\\Semester 4\\l. PPLAM (PR)\\Project\\KerupukTenggiri-laravel\\vendor\\laravel\\framework\\src\\Illuminate\\Foundation\\Http\\Middleware\\ValidatePostSize.php(27): Illuminate\\Pipeline\\Pipeline->Illuminate\\Pipeline\\{closure}(Object(Illuminate\\Http\\Request))
#43 D:\\Perkuliahan\\Mata Kuliah\\Semester 4\\l. PPLAM (PR)\\Project\\KerupukTenggiri-laravel\\vendor\\laravel\\framework\\src\\Illuminate\\Pipeline\\Pipeline.php(180): Illuminate\\Foundation\\Http\\Middleware\\ValidatePostSize->handle(Object(Illuminate\\Http\\Request), Object(Closure))
#44 D:\\Perkuliahan\\Mata Kuliah\\Semester 4\\l. PPLAM (PR)\\Project\\KerupukTenggiri-laravel\\vendor\\laravel\\framework\\src\\Illuminate\\Foundation\\Http\\Middleware\\PreventRequestsDuringMaintenance.php(86): Illuminate\\Pipeline\\Pipeline->Illuminate\\Pipeline\\{closure}(Object(Illuminate\\Http\\Request))
#45 D:\\Perkuliahan\\Mata Kuliah\\Semester 4\\l. PPLAM (PR)\\Project\\KerupukTenggiri-laravel\\vendor\\laravel\\framework\\src\\Illuminate\\Pipeline\\Pipeline.php(180): Illuminate\\Foundation\\Http\\Middleware\\PreventRequestsDuringMaintenance->handle(Object(Illuminate\\Http\\Request), Object(Closure))
#46 D:\\Perkuliahan\\Mata Kuliah\\Semester 4\\l. PPLAM (PR)\\Project\\KerupukTenggiri-laravel\\vendor\\laravel\\framework\\src\\Illuminate\\Http\\Middleware\\HandleCors.php(49): Illuminate\\Pipeline\\Pipeline->Illuminate\\Pipeline\\{closure}(Object(Illuminate\\Http\\Request))
#47 D:\\Perkuliahan\\Mata Kuliah\\Semester 4\\l. PPLAM (PR)\\Project\\KerupukTenggiri-laravel\\vendor\\laravel\\framework\\src\\Illuminate\\Pipeline\\Pipeline.php(180): Illuminate\\Http\\Middleware\\HandleCors->handle(Object(Illuminate\\Http\\Request), Object(Closure))
#48 D:\\Perkuliahan\\Mata Kuliah\\Semester 4\\l. PPLAM (PR)\\Project\\KerupukTenggiri-laravel\\vendor\\laravel\\framework\\src\\Illuminate\\Http\\Middleware\\TrustProxies.php(39): Illuminate\\Pipeline\\Pipeline->Illuminate\\Pipeline\\{closure}(Object(Illuminate\\Http\\Request))
#49 D:\\Perkuliahan\\Mata Kuliah\\Semester 4\\l. PPLAM (PR)\\Project\\KerupukTenggiri-laravel\\vendor\\laravel\\framework\\src\\Illuminate\\Pipeline\\Pipeline.php(180): Illuminate\\Http\\Middleware\\TrustProxies->handle(Object(Illuminate\\Http\\Request), Object(Closure))
#50 D:\\Perkuliahan\\Mata Kuliah\\Semester 4\\l. PPLAM (PR)\\Project\\KerupukTenggiri-laravel\\vendor\\laravel\\framework\\src\\Illuminate\\Pipeline\\Pipeline.php(116): Illuminate\\Pipeline\\Pipeline->Illuminate\\Pipeline\\{closure}(Object(Illuminate\\Http\\Request))
#51 D:\\Perkuliahan\\Mata Kuliah\\Semester 4\\l. PPLAM (PR)\\Project\\KerupukTenggiri-laravel\\vendor\\laravel\\framework\\src\\Illuminate\\Foundation\\Http\\Kernel.php(142): Illuminate\\Pipeline\\Pipeline->then(Object(Closure))
#52 D:\\Perkuliahan\\Mata Kuliah\\Semester 4\\l. PPLAM (PR)\\Project\\KerupukTenggiri-laravel\\vendor\\laravel\\framework\\src\\Illuminate\\Foundation\\Http\\Kernel.php(111): Illuminate\\Foundation\\Http\\Kernel->sendRequestThroughRouter(Object(Illuminate\\Http\\Request))
#53 D:\\Perkuliahan\\Mata Kuliah\\Semester 4\\l. PPLAM (PR)\\Project\\KerupukTenggiri-laravel\\public\\index.php(52): Illuminate\\Foundation\\Http\\Kernel->handle(Object(Illuminate\\Http\\Request))
#54 C:\\Users\\Candra\\AppData\\Roaming\\Composer\\vendor\\cretueusebiu\\valet-windows\\server.php(241): require('D:\\\\Perkuliahan\\\\...')
#55 {main}
"} 
